<?xml version="1.0" encoding="UTF-8"?>
<coverage generated="1750740900160" clover="3.2.0">
  <project timestamp="1750740900160" name="All files">
    <metrics statements="20" coveredstatements="20" conditionals="5" coveredconditionals="5" methods="11" coveredmethods="11" elements="36" coveredelements="36" complexity="0" loc="20" ncloc="20" packages="1" files="3" classes="3"/>
    <file name="AppCard.jsx" path="C:\Users\kator\OneDrive\Escritorio\DS2\PROYECTO\DevOps-Final\frontend\src\components\AppCard.jsx">
      <metrics statements="10" coveredstatements="10" conditionals="5" coveredconditionals="5" methods="5" coveredmethods="5"/>
      <line num="5" count="1" type="stmt"/>
      <line num="6" count="6" type="stmt"/>
      <line num="8" count="6" type="stmt"/>
      <line num="10" count="4" type="stmt"/>
      <line num="12" count="2" type="stmt"/>
      <line num="15" count="1" type="stmt"/>
      <line num="20" count="6" type="cond" truecount="5" falsecount="0"/>
      <line num="21" count="4" type="stmt"/>
      <line num="25" count="2" type="stmt"/>
      <line num="33" count="4" type="stmt"/>
    </file>
    <file name="AppNavBar.jsx" path="C:\Users\kator\OneDrive\Escritorio\DS2\PROYECTO\DevOps-Final\frontend\src\components\AppNavBar.jsx">
      <metrics statements="8" coveredstatements="8" conditionals="0" coveredconditionals="0" methods="5" coveredmethods="5"/>
      <line num="6" count="5" type="stmt"/>
      <line num="7" count="5" type="stmt"/>
      <line num="9" count="5" type="stmt"/>
      <line num="10" count="1" type="stmt"/>
      <line num="11" count="1" type="stmt"/>
      <line num="14" count="5" type="stmt"/>
      <line num="32" count="15" type="stmt"/>
      <line num="46" count="1" type="stmt"/>
    </file>
    <file name="AppTitle.jsx" path="C:\Users\kator\OneDrive\Escritorio\DS2\PROYECTO\DevOps-Final\frontend\src\components\AppTitle.jsx">
      <metrics statements="2" coveredstatements="2" conditionals="0" coveredconditionals="0" methods="1" coveredmethods="1"/>
      <line num="3" count="1" type="stmt"/>
      <line num="4" count="1" type="stmt"/>
    </file>
  </project>
</coverage>
