{"C:\\Users\\kator\\OneDrive\\Escritorio\\DS2\\PROYECTO\\DevOps-Final\\frontend\\src\\components\\AppCard.jsx": {"path":"C:\\Users\\kator\\OneDrive\\Escritorio\\DS2\\PROYECTO\\DevOps-Final\\frontend\\src\\components\\AppCard.jsx","statementMap":{"0":{"start":{"line":5,"column":16},"end":{"line":39,"column":1}},"1":{"start":{"line":6,"column":34},"end":{"line":6,"column":44}},"2":{"start":{"line":8,"column":4},"end":{"line":17,"column":22}},"3":{"start":{"line":10,"column":6},"end":{"line":16,"column":9}},"4":{"start":{"line":12,"column":10},"end":{"line":12,"column":36}},"5":{"start":{"line":15,"column":10},"end":{"line":15,"column":63}},"6":{"start":{"line":20,"column":4},"end":{"line":22,"column":5}},"7":{"start":{"line":21,"column":6},"end":{"line":21,"column":40}},"8":{"start":{"line":25,"column":4},"end":{"line":38,"column":6}},"9":{"start":{"line":33,"column":16},"end":{"line":33,"column":56}}},"fnMap":{"0":{"name":"(anonymous_0)","decl":{"start":{"line":5,"column":16},"end":{"line":5,"column":17}},"loc":{"start":{"line":5,"column":35},"end":{"line":39,"column":1}},"line":5},"1":{"name":"(anonymous_1)","decl":{"start":{"line":8,"column":14},"end":{"line":8,"column":15}},"loc":{"start":{"line":8,"column":20},"end":{"line":17,"column":5}},"line":8},"2":{"name":"(anonymous_2)","decl":{"start":{"line":11,"column":12},"end":{"line":11,"column":13}},"loc":{"start":{"line":11,"column":26},"end":{"line":13,"column":7}},"line":11},"3":{"name":"(anonymous_3)","decl":{"start":{"line":14,"column":13},"end":{"line":14,"column":14}},"loc":{"start":{"line":14,"column":24},"end":{"line":16,"column":7}},"line":14},"4":{"name":"(anonymous_4)","decl":{"start":{"line":32,"column":39},"end":{"line":32,"column":40}},"loc":{"start":{"line":33,"column":16},"end":{"line":33,"column":56}},"line":33}},"branchMap":{"0":{"loc":{"start":{"line":20,"column":4},"end":{"line":22,"column":5}},"type":"if","locations":[{"start":{"line":20,"column":4},"end":{"line":22,"column":5}},{"start":{},"end":{}}],"line":20},"1":{"loc":{"start":{"line":20,"column":8},"end":{"line":20,"column":55}},"type":"binary-expr","locations":[{"start":{"line":20,"column":8},"end":{"line":20,"column":16}},{"start":{"line":20,"column":20},"end":{"line":20,"column":33}},{"start":{"line":20,"column":37},"end":{"line":20,"column":55}}],"line":20}},"s":{"0":1,"1":6,"2":6,"3":4,"4":2,"5":1,"6":6,"7":4,"8":2,"9":4},"f":{"0":6,"1":4,"2":2,"3":1,"4":4},"b":{"0":[4,2],"1":[6,2,2]},"_coverageSchema":"1a1c01bbd47fc00a2c39e90264f33305004495a9","hash":"60c7a7a77e333767f744921b0211ccd80f74d47c"}
,"C:\\Users\\kator\\OneDrive\\Escritorio\\DS2\\PROYECTO\\DevOps-Final\\frontend\\src\\components\\AppNavBar.jsx": {"path":"C:\\Users\\kator\\OneDrive\\Escritorio\\DS2\\PROYECTO\\DevOps-Final\\frontend\\src\\components\\AppNavBar.jsx","statementMap":{"0":{"start":{"line":6,"column":40},"end":{"line":6,"column":52}},"1":{"start":{"line":7,"column":17},"end":{"line":7,"column":22}},"2":{"start":{"line":9,"column":23},"end":{"line":12,"column":3}},"3":{"start":{"line":10,"column":4},"end":{"line":10,"column":23}},"4":{"start":{"line":11,"column":4},"end":{"line":11,"column":26}},"5":{"start":{"line":14,"column":2},"end":{"line":56,"column":4}},"6":{"start":{"line":32,"column":16},"end":{"line":34,"column":25}},"7":{"start":{"line":32,"column":51},"end":{"line":32,"column":68}},"8":{"start":{"line":46,"column":33},"end":{"line":46,"column":63}}},"fnMap":{"0":{"name":"AppNavBar","decl":{"start":{"line":5,"column":9},"end":{"line":5,"column":18}},"loc":{"start":{"line":5,"column":55},"end":{"line":57,"column":1}},"line":5},"1":{"name":"(anonymous_1)","decl":{"start":{"line":9,"column":23},"end":{"line":9,"column":24}},"loc":{"start":{"line":9,"column":30},"end":{"line":12,"column":3}},"line":9},"2":{"name":"(anonymous_2)","decl":{"start":{"line":31,"column":25},"end":{"line":31,"column":26}},"loc":{"start":{"line":32,"column":16},"end":{"line":34,"column":25}},"line":32},"3":{"name":"(anonymous_3)","decl":{"start":{"line":32,"column":45},"end":{"line":32,"column":46}},"loc":{"start":{"line":32,"column":51},"end":{"line":32,"column":68}},"line":32},"4":{"name":"(anonymous_4)","decl":{"start":{"line":46,"column":26},"end":{"line":46,"column":27}},"loc":{"start":{"line":46,"column":33},"end":{"line":46,"column":63}},"line":46}},"branchMap":{},"s":{"0":5,"1":5,"2":5,"3":1,"4":1,"5":5,"6":15,"7":1,"8":1},"f":{"0":5,"1":1,"2":15,"3":1,"4":1},"b":{},"_coverageSchema":"1a1c01bbd47fc00a2c39e90264f33305004495a9","hash":"4daa366553bf04028d6805d79db06024ff24f481"}
,"C:\\Users\\kator\\OneDrive\\Escritorio\\DS2\\PROYECTO\\DevOps-Final\\frontend\\src\\components\\AppTitle.jsx": {"path":"C:\\Users\\kator\\OneDrive\\Escritorio\\DS2\\PROYECTO\\DevOps-Final\\frontend\\src\\components\\AppTitle.jsx","statementMap":{"0":{"start":{"line":3,"column":17},"end":{"line":9,"column":1}},"1":{"start":{"line":4,"column":4},"end":{"line":8,"column":6}}},"fnMap":{"0":{"name":"(anonymous_0)","decl":{"start":{"line":3,"column":17},"end":{"line":3,"column":18}},"loc":{"start":{"line":3,"column":21},"end":{"line":9,"column":1}},"line":3}},"branchMap":{},"s":{"0":1,"1":1},"f":{"0":1},"b":{},"_coverageSchema":"1a1c01bbd47fc00a2c39e90264f33305004495a9","hash":"c7496ee120ea91c89deac07b6335b5ef5e856932"}
}
