TN:
SF:src\components\AppCard.jsx
FN:5,(anonymous_0)
FN:8,(anonymous_1)
FN:11,(anonymous_2)
FN:14,(anonymous_3)
FN:32,(anonymous_4)
FNF:5
FNH:5
FNDA:6,(anonymous_0)
FNDA:4,(anonymous_1)
FNDA:2,(anonymous_2)
FNDA:1,(anonymous_3)
FNDA:4,(anonymous_4)
DA:5,1
DA:6,6
DA:8,6
DA:10,4
DA:12,2
DA:15,1
DA:20,6
DA:21,4
DA:25,2
DA:33,4
LF:10
LH:10
BRDA:20,0,0,4
BRDA:20,0,1,2
BRDA:20,1,0,6
BRDA:20,1,1,2
BRDA:20,1,2,2
BRF:5
BRH:5
end_of_record
TN:
SF:src\components\AppNavBar.jsx
FN:5,AppNavBar
FN:9,(anonymous_1)
FN:31,(anonymous_2)
FN:32,(anonymous_3)
FN:46,(anonymous_4)
FNF:5
FNH:5
FNDA:5,AppNavBar
FNDA:1,(anonymous_1)
FNDA:15,(anonymous_2)
FNDA:1,(anonymous_3)
FNDA:1,(anonymous_4)
DA:6,5
DA:7,5
DA:9,5
DA:10,1
DA:11,1
DA:14,5
DA:32,15
DA:46,1
LF:8
LH:8
BRF:0
BRH:0
end_of_record
TN:
SF:src\components\AppTitle.jsx
FN:3,(anonymous_0)
FNF:1
FNH:1
FNDA:1,(anonymous_0)
DA:3,1
DA:4,1
LF:2
LH:2
BRF:0
BRH:0
end_of_record
